<?xml version="1.0" encoding="UTF-8"?>
<!-- Generated by org.testng.reporters.JUnitReportReporter -->
<testsuite hostname="VSWINCHE016" failures="0" tests="1" name="com.QVC.testcases.TC_002_Reprint" time="30.715" errors="0" timestamp="2023-01-23T16:39:37 IST" skipped="0">
  <testcase classname="com.QVC.testcases.TC_002_Reprint" name="normalAppointmentFlow" time="30.715"/>
  <system-out/>
</testsuite> <!-- com.QVC.testcases.TC_002_Reprint -->
