<?xml version="1.0" encoding="UTF-8"?>
<!-- Generated by org.testng.reporters.JUnitReportReporter -->
<testsuite hostname="VSWINCHE016" failures="0" tests="1" name="com.QVC.testcases.TC_002_Reprint" time="35.852" errors="0" timestamp="2023-01-24T12:42:45 IST" skipped="0">
  <testcase classname="com.QVC.testcases.TC_002_Reprint" name="normalAppointmentFlow" time="35.852"/>
  <system-out/>
</testsuite> <!-- com.QVC.testcases.TC_002_Reprint -->
