<?xml version="1.0" encoding="UTF-8"?>
<!-- Generated by org.testng.reporters.JUnitReportReporter -->
<testsuite hostname="VSWINCHE016" failures="0" tests="1" name="com.QVC.testcases.TC_001_NormalAppointmentFlow" time="95.835" errors="0" timestamp="2023-02-01T17:23:20 IST" skipped="0">
  <testcase classname="com.QVC.testcases.TC_001_NormalAppointmentFlow" name="normalAppointmentFlow" time="95.835"/>
  <system-out/>
</testsuite> <!-- com.QVC.testcases.TC_001_NormalAppointmentFlow -->
