<?xml version="1.0" encoding="UTF-8"?>
<!-- Generated by org.testng.reporters.JUnitReportReporter -->
<testsuite hostname="VSWINCHE016" failures="0" tests="1" name="com.QVC.testcases.TC_003_ModifyDetails" time="44.852" errors="0" timestamp="2023-01-23T17:06:56 IST" skipped="0">
  <testcase classname="com.QVC.testcases.TC_003_ModifyDetails" name="normalAppointmentFlow" time="44.852"/>
  <system-out/>
</testsuite> <!-- com.QVC.testcases.TC_003_ModifyDetails -->
