<?xml version="1.0" encoding="UTF-8"?>
<!-- Generated by org.testng.reporters.JUnitReportReporter -->
<testsuite hostname="VSWINCHE016" failures="0" tests="1" name="com.QVC.testcases.TC_004_Reschedule" time="54.925" errors="0" timestamp="2023-01-23T17:06:56 IST" skipped="0">
  <testcase classname="com.QVC.testcases.TC_004_Reschedule" name="normalAppointmentFlow" time="54.925"/>
  <system-out/>
</testsuite> <!-- com.QVC.testcases.TC_004_Reschedule -->
